\BOOKMARK [0][-]{chapter.1}{\376\377\000I\000n\000t\000r\000o\000d\000u\000c\000t\000i\000o\000n}{}% 1
\BOOKMARK [0][-]{chapter.2}{\376\377\000B\000a\000c\000k\000g\000r\000o\000u\000n\000d}{}% 2
\BOOKMARK [1][-]{section.2.1}{\376\377\000C\000h\000o\000r\000e\000o\000g\000r\000a\000p\000h\000i\000c\000\040\000P\000r\000o\000g\000r\000a\000m\000m\000i\000n\000g}{chapter.2}% 3
\BOOKMARK [1][-]{section.2.2}{\376\377\000I\000n\000t\000e\000r\000a\000c\000t\000i\000v\000e\000\040\000T\000h\000e\000o\000r\000e\000m\000\040\000P\000r\000o\000v\000i\000n\000g}{chapter.2}% 4
\BOOKMARK [1][-]{section.2.3}{\376\377\000K\000a\000l\000a\000s}{chapter.2}% 5
\BOOKMARK [0][-]{chapter.3}{\376\377\000R\000e\000l\000a\000t\000e\000d\000\040\000W\000o\000r\000k}{}% 6
\BOOKMARK [1][-]{section.3.1}{\376\377\000C\000h\000o\000r\000e\000o\000g\000r\000a\000p\000h\000y\000\040\000M\000o\000d\000e\000l\000s}{chapter.3}% 7
\BOOKMARK [2][-]{subsection.3.1.1}{\376\377\000T\000y\000p\000i\000n\000g\000\040\000S\000y\000s\000t\000e\000m\000\040\000f\000o\000r\000\040\000C\000h\000o\000r\000e\000o\000g\000r\000a\000p\000h\000y}{section.3.1}% 8
\BOOKMARK [2][-]{subsection.3.1.2}{\376\377\000H\000a\000n\000d\000l\000i\000n\000g\000\040\000E\000x\000c\000e\000p\000t\000i\000o\000n\000s}{section.3.1}% 9
\BOOKMARK [1][-]{section.3.2}{\376\377\000S\000o\000m\000e\000\040\000T\000i\000t\000l\000e}{chapter.3}% 10
\BOOKMARK [0][-]{chapter.4}{\376\377\000S\000p\000r\000i\000n\000k\000l\000e\000s\000:\000\040\000A\000\040\000S\000i\000m\000p\000l\000y\000\040\000T\000y\000p\000e\000d\000\040\000L\000a\000m\000b\000d\000a\000\040\000C\000a\000l\000c\000u\000l\000u\000s}{}% 11
\BOOKMARK [1][-]{section.4.1}{\376\377\000S\000y\000n\000t\000a\000x}{chapter.4}% 12
\BOOKMARK [1][-]{section.4.2}{\376\377\000S\000t\000a\000t\000i\000c\000s}{chapter.4}% 13
\BOOKMARK [2][-]{subsection.4.2.1}{\376\377\000S\000y\000n\000t\000a\000x\000\040\000a\000n\000d\000\040\000T\000y\000p\000i\000n\000g\000\040\000R\000u\000l\000e\000s}{section.4.2}% 14
\BOOKMARK [2][-]{subsection.4.2.2}{\376\377\000T\000y\000p\000i\000n\000g\000\040\000E\000x\000a\000m\000p\000l\000e\000s}{section.4.2}% 15
\BOOKMARK [1][-]{section.4.3}{\376\377\000D\000y\000n\000a\000m\000i\000c\000s}{chapter.4}% 16
\BOOKMARK [2][-]{subsection.4.3.1}{\376\377\000F\000u\000n\000c\000t\000i\000o\000n\000\040\000C\000l\000o\000s\000u\000r\000e}{section.4.3}% 17
\BOOKMARK [2][-]{subsection.4.3.2}{\376\377\000M\000a\000i\000n\000\040\000P\000r\000o\000p\000e\000r\000t\000i\000e\000s}{section.4.3}% 18
\BOOKMARK [1][-]{section.4.4}{\376\377\000T\000y\000p\000e\000\040\000S\000o\000u\000n\000d\000n\000e\000s\000s}{chapter.4}% 19
\BOOKMARK [2][-]{subsection.4.4.1}{\376\377\000L\000e\000m\000m\000a\000s}{section.4.4}% 20
\BOOKMARK [2][-]{subsection.4.4.2}{\376\377\000T\000y\000p\000e\000\040\000S\000o\000u\000n\000d\000n\000e\000s\000s}{section.4.4}% 21
\BOOKMARK [0][-]{chapter.5}{\376\377\000S\000t\000r\000o\000n\000g\000\040\000N\000o\000r\000m\000a\000l\000i\000s\000a\000t\000i\000o\000n}{}% 22
\BOOKMARK [1][-]{section.5.1}{\376\377\000D\000e\000f\000i\000n\000i\000n\000g\000\040\000S\000t\000r\000o\000n\000g\000\040\000N\000o\000r\000m\000a\000l\000i\000s\000a\000t\000i\000o\000n}{chapter.5}% 23
\BOOKMARK [1][-]{section.5.2}{\376\377\000A\000u\000x\000i\000l\000l\000a\000r\000y\000\040\000L\000e\000m\000m\000a\000s}{chapter.5}% 24
\BOOKMARK [1][-]{section.5.3}{\376\377\000T\000h\000e\000\040\000F\000u\000n\000d\000a\000m\000e\000n\000t\000a\000l\000\040\000L\000e\000m\000m\000a}{chapter.5}% 25
\BOOKMARK [2][-]{subsection.5.3.1}{\376\377\000F\000o\000r\000m\000a\000l\000i\000s\000a\000t\000i\000o\000n}{section.5.3}% 26
\BOOKMARK [2][-]{subsection.5.3.2}{\376\377\000S\000t\000r\000a\000t\000e\000g\000y}{section.5.3}% 27
\BOOKMARK [2][-]{subsection.5.3.3}{\376\377\000P\000r\000o\000o\000f}{section.5.3}% 28
\BOOKMARK [2][-]{subsection.5.3.4}{\376\377\000S\000t\000r\000o\000n\000g\000\040\000N\000o\000r\000m\000a\000l\000i\000s\000a\000t\000i\000o\000n}{section.5.3}% 29
\BOOKMARK [0][-]{chapter.6}{\376\377\000T\000h\000e\000\040\000E\000n\000r\000i\000c\000h\000e\000d\000\040\000C\000h\000o\000r\000e\000o\000g\000r\000a\000p\000h\000y}{}% 30
\BOOKMARK [1][-]{section.6.1}{\376\377\000S\000y\000n\000t\000a\000x}{chapter.6}% 31
\BOOKMARK [1][-]{section.6.2}{\376\377\000S\000t\000a\000t\000i\000c\000s}{chapter.6}% 32
\BOOKMARK [2][-]{subsection.6.2.1}{\376\377\000S\000y\000n\000t\000a\000x\000\040\000a\000n\000d\000\040\000T\000y\000p\000i\000n\000g\000\040\000R\000u\000l\000e\000s}{section.6.2}% 33
\BOOKMARK [1][-]{section.6.3}{\376\377\000D\000y\000n\000a\000m\000i\000c\000s}{chapter.6}% 34
\BOOKMARK [1][-]{section.6.4}{\376\377\000P\000r\000o\000g\000r\000e\000s\000s}{chapter.6}% 35
\BOOKMARK [2][-]{subsection.6.4.1}{\376\377\000L\000e\000m\000m\000a\000s}{section.6.4}% 36
\BOOKMARK [2][-]{subsection.6.4.2}{\376\377\000P\000r\000o\000o\000f}{section.6.4}% 37
\BOOKMARK [1][-]{section.6.5}{\376\377\000T\000y\000p\000e\000\040\000P\000r\000e\000s\000e\000r\000v\000a\000t\000i\000o\000n}{chapter.6}% 38
\BOOKMARK [0][-]{chapter.7}{\376\377\000C\000o\000n\000c\000l\000u\000d\000i\000n\000g\000\040\000R\000e\000m\000a\000r\000k\000s}{}% 39
\BOOKMARK [1][-]{section.7.1}{\376\377\000C\000o\000n\000c\000l\000u\000s\000i\000o\000n}{chapter.7}% 40
\BOOKMARK [1][-]{section.7.2}{\376\377\000F\000u\000t\000u\000r\000e\000\040\000W\000o\000r\000k}{chapter.7}% 41
\BOOKMARK [0][-]{chapter.8}{\376\377\000T\000e\000s\000t}{}% 42
\BOOKMARK [0][-]{appendix.A}{\376\377\000A\000p\000p\000e\000n\000d\000i\000x\000:\000\040\000E\000x\000p\000l\000a\000n\000a\000t\000i\000o\000n\000\040\000o\000n\000\040\000A\000p\000p\000e\000n\000d\000i\000c\000e\000s}{}% 43
\BOOKMARK [0][-]{appendix.B}{\376\377\000A\000p\000p\000e\000n\000d\000i\000x\000:\000\040\000E\000x\000p\000l\000a\000n\000a\000t\000i\000o\000n\000\040\000o\000n\000\040\000P\000a\000g\000e\000\040\000B\000o\000r\000d\000e\000r\000s}{}% 44
